2026-03-16 13:35:57,985 INFO o.a.j.u.JMeterUtils: Setting Locale to en_EN
2026-03-16 13:35:58,011 INFO o.a.j.JMeter: Loading user properties from: C:\jmeter\apache-jmeter-5.6.3\bin\user.properties
2026-03-16 13:35:58,011 INFO o.a.j.JMeter: Loading system properties from: C:\jmeter\apache-jmeter-5.6.3\bin\system.properties
2026-03-16 13:35:58,011 INFO o.a.j.JMeter: Setting JMeter property: threads=100
2026-03-16 13:35:58,011 INFO o.a.j.JMeter: Setting JMeter property: rampup=120
2026-03-16 13:35:58,011 INFO o.a.j.JMeter: Setting JMeter property: loops=20
2026-03-16 13:35:58,019 INFO o.a.j.JMeter: Copyright (c) 1998-2024 The Apache Software Foundation
2026-03-16 13:35:58,019 INFO o.a.j.JMeter: Version 5.6.3
2026-03-16 13:35:58,019 INFO o.a.j.JMeter: java.version=21.0.9
2026-03-16 13:35:58,019 INFO o.a.j.JMeter: java.vm.name=Java HotSpot(TM) 64-Bit Server VM
2026-03-16 13:35:58,019 INFO o.a.j.JMeter: os.name=Windows 11
2026-03-16 13:35:58,019 INFO o.a.j.JMeter: os.arch=amd64
2026-03-16 13:35:58,019 INFO o.a.j.JMeter: os.version=10.0
2026-03-16 13:35:58,019 INFO o.a.j.JMeter: file.encoding=UTF-8
2026-03-16 13:35:58,019 INFO o.a.j.JMeter: java.awt.headless=true
2026-03-16 13:35:58,019 INFO o.a.j.JMeter: Max memory     =1073741824
2026-03-16 13:35:58,019 INFO o.a.j.JMeter: Available Processors =8
2026-03-16 13:35:58,033 INFO o.a.j.JMeter: Default Locale=English (EN)
2026-03-16 13:35:58,033 INFO o.a.j.JMeter: JMeter  Locale=English (EN)
2026-03-16 13:35:58,033 INFO o.a.j.JMeter: JMeterHome=C:\jmeter\apache-jmeter-5.6.3
2026-03-16 13:35:58,033 INFO o.a.j.JMeter: user.dir  =C:\swaglab-performance-tests
2026-03-16 13:35:58,033 INFO o.a.j.JMeter: PWD       =C:\swaglab-performance-tests
2026-03-16 13:35:58,033 INFO o.a.j.JMeter: IP: 192.168.1.39 Name: Jolly-Gift FullName: Jolly-Gift
2026-03-16 13:35:58,051 INFO o.a.j.JMeter: Setting property 'jmeter.reportgenerator.outputdir' to:'C:\swaglab\reports\endurance'
2026-03-16 13:35:58,052 INFO o.a.j.s.FileServer: Default base='C:\swaglab-performance-tests'
2026-03-16 13:35:58,054 INFO o.a.j.s.FileServer: Set new base='C:\swaglab\tests'
2026-03-16 13:35:58,427 INFO o.a.j.s.SaveService: Testplan (JMX) version: 2.2. Testlog (JTL) version: 2.2
2026-03-16 13:35:58,524 INFO o.a.j.s.SaveService: Using SaveService properties version 5.0
2026-03-16 13:35:58,530 INFO o.a.j.s.SaveService: Using SaveService properties file encoding UTF-8
2026-03-16 13:35:58,534 INFO o.a.j.s.SaveService: Loading file: C:\swaglab\tests\SwagLabs_Performance_Test.jmx
2026-03-16 13:35:58,585 INFO o.a.j.p.h.c.CookieManager: Settings: Delete null: true Check: true Allow variable: true Save: false Prefix: COOKIE_
2026-03-16 13:35:58,649 INFO o.a.j.p.h.s.HTTPSamplerBase: Parser for text/html is org.apache.jmeter.protocol.http.parser.LagartoBasedHtmlParser
2026-03-16 13:35:58,651 INFO o.a.j.p.h.s.HTTPSamplerBase: Parser for application/xhtml+xml is org.apache.jmeter.protocol.http.parser.LagartoBasedHtmlParser
2026-03-16 13:35:58,651 INFO o.a.j.p.h.s.HTTPSamplerBase: Parser for application/xml is org.apache.jmeter.protocol.http.parser.LagartoBasedHtmlParser
2026-03-16 13:35:58,651 INFO o.a.j.p.h.s.HTTPSamplerBase: Parser for text/xml is org.apache.jmeter.protocol.http.parser.LagartoBasedHtmlParser
2026-03-16 13:35:58,651 INFO o.a.j.p.h.s.HTTPSamplerBase: Parser for text/vnd.wap.wml is org.apache.jmeter.protocol.http.parser.RegexpHTMLParser
2026-03-16 13:35:58,651 INFO o.a.j.p.h.s.HTTPSamplerBase: Parser for text/css is org.apache.jmeter.protocol.http.parser.CssParser
2026-03-16 13:35:58,678 INFO o.a.j.JMeter: Creating summariser <summary>
2026-03-16 13:35:58,697 INFO o.a.j.r.d.ReportGenerator: ReportGenerator will use for Parsing the separator: ','
2026-03-16 13:35:58,699 INFO o.a.j.r.d.ReportGenerator: Will generate report at end of test from  results file: C:\swaglab\results\endurance.jtl
2026-03-16 13:35:58,699 INFO o.a.j.r.d.ReportGenerator: Reading report generator properties from: C:\jmeter\apache-jmeter-5.6.3\bin\reportgenerator.properties
2026-03-16 13:35:58,699 INFO o.a.j.r.d.ReportGenerator: Merging with JMeter properties
2026-03-16 13:35:58,704 INFO o.a.j.r.c.ReportGeneratorConfiguration: Property 'jmeter.reportgenerator.temp_dir' not found, using default value 'temp' instead.
2026-03-16 13:35:58,710 INFO o.a.j.r.c.ReportGeneratorConfiguration: Property 'jmeter.reportgenerator.apdex_per_transaction' not found, using default value 'null' instead.
2026-03-16 13:35:58,710 INFO o.a.j.r.c.ReportGeneratorConfiguration: apdex_per_transaction is empty, not APDEX per transaction customization
2026-03-16 13:35:58,710 INFO o.a.j.r.c.ReportGeneratorConfiguration: Property 'jmeter.reportgenerator.sample_filter' not found, using default value 'null' instead.
2026-03-16 13:35:58,710 INFO o.a.j.r.c.ReportGeneratorConfiguration: Property 'jmeter.reportgenerator.report_title' not found, using default value 'null' instead.
2026-03-16 13:35:58,710 INFO o.a.j.r.c.ReportGeneratorConfiguration: Property 'jmeter.reportgenerator.start_date' not found, using default value 'null' instead.
2026-03-16 13:35:58,710 INFO o.a.j.r.c.ReportGeneratorConfiguration: Property 'jmeter.reportgenerator.end_date' not found, using default value 'null' instead.
2026-03-16 13:35:58,710 INFO o.a.j.r.c.ReportGeneratorConfiguration: Property 'jmeter.reportgenerator.date_format' not found, using default value 'null' instead.
2026-03-16 13:35:58,710 INFO o.a.j.r.c.ReportGeneratorConfiguration: Will use date range start date: null, end date: null
2026-03-16 13:35:58,716 INFO o.a.j.r.c.ReportGeneratorConfiguration: Property 'jmeter.reportgenerator.graph.totalTPS.exclude_controllers' not found, using default value 'false' instead.
2026-03-16 13:35:58,716 INFO o.a.j.r.c.ReportGeneratorConfiguration: Property 'jmeter.reportgenerator.graph.activeThreadsOverTime.exclude_controllers' not found, using default value 'false' instead.
2026-03-16 13:35:58,716 INFO o.a.j.r.c.ReportGeneratorConfiguration: Property 'jmeter.reportgenerator.graph.timeVsThreads.exclude_controllers' not found, using default value 'false' instead.
2026-03-16 13:35:58,716 INFO o.a.j.r.c.ReportGeneratorConfiguration: Property 'jmeter.reportgenerator.graph.responseTimeDistribution.exclude_controllers' not found, using default value 'false' instead.
2026-03-16 13:35:58,716 INFO o.a.j.r.c.ReportGeneratorConfiguration: Property 'jmeter.reportgenerator.graph.transactionsPerSecond.exclude_controllers' not found, using default value 'false' instead.
2026-03-16 13:35:58,717 INFO o.a.j.r.c.ReportGeneratorConfiguration: Property 'jmeter.reportgenerator.graph.responseTimePercentiles.exclude_controllers' not found, using default value 'false' instead.
2026-03-16 13:35:58,717 INFO o.a.j.r.c.ReportGeneratorConfiguration: Property 'jmeter.reportgenerator.graph.responseTimePercentilesOverTime.exclude_controllers' not found, using default value 'false' instead.
2026-03-16 13:35:58,717 INFO o.a.j.r.c.ReportGeneratorConfiguration: Property 'jmeter.reportgenerator.graph.responseTimesOverTime.exclude_controllers' not found, using default value 'false' instead.
2026-03-16 13:35:58,717 INFO o.a.j.r.c.ReportGeneratorConfiguration: Property 'jmeter.reportgenerator.graph.connectTimeOverTime.exclude_controllers' not found, using default value 'false' instead.
2026-03-16 13:35:58,717 INFO o.a.j.r.c.ReportGeneratorConfiguration: Property 'jmeter.reportgenerator.graph.latenciesOverTime.exclude_controllers' not found, using default value 'false' instead.
2026-03-16 13:35:58,718 INFO o.a.j.r.c.ReportGeneratorConfiguration: Property 'jmeter.reportgenerator.exporter.json.filters_only_sample_series' not found, using default value 'true' instead.
2026-03-16 13:35:58,718 INFO o.a.j.r.c.ReportGeneratorConfiguration: Property 'jmeter.reportgenerator.exporter.json.series_filter' not found, using default value '' instead.
2026-03-16 13:35:58,718 INFO o.a.j.r.c.ReportGeneratorConfiguration: Property 'jmeter.reportgenerator.exporter.json.show_controllers_only' not found, using default value 'false' instead.
2026-03-16 13:35:58,718 INFO o.a.j.r.c.ReportGeneratorConfiguration: Property 'jmeter.reportgenerator.exporter.html.filters_only_sample_series' not found, using default value 'true' instead.
2026-03-16 13:35:58,718 INFO o.a.j.r.c.ReportGeneratorConfiguration: Property 'jmeter.reportgenerator.exporter.html.series_filter' not found, using default value '' instead.
2026-03-16 13:35:58,720 INFO o.a.j.r.c.ReportGeneratorConfiguration: Property 'jmeter.reportgenerator.exporter.html.show_controllers_only' not found, using default value 'false' instead.
2026-03-16 13:35:58,762 INFO o.a.j.e.StandardJMeterEngine: Running the test!
2026-03-16 13:35:58,762 INFO o.a.j.s.SampleEvent: List of sample_variables: []
2026-03-16 13:35:58,762 INFO o.a.j.s.SampleEvent: List of sample_variables: []
2026-03-16 13:35:58,777 INFO o.a.j.e.u.CompoundVariable: Note: Function class names must contain the string: '.functions.'
2026-03-16 13:35:58,777 INFO o.a.j.e.u.CompoundVariable: Note: Function class names must not contain the string: '.gui.'
2026-03-16 13:35:58,928 INFO o.a.j.JMeter: Running test (1773660958928)
2026-03-16 13:35:58,948 INFO o.a.j.e.StandardJMeterEngine: Starting ThreadGroup: 1 : Performance Test Thread Group
2026-03-16 13:35:58,950 INFO o.a.j.e.StandardJMeterEngine: Starting 100 threads for group Performance Test Thread Group.
2026-03-16 13:35:58,950 INFO o.a.j.e.StandardJMeterEngine: Thread will continue on error
2026-03-16 13:35:58,950 INFO o.a.j.t.ThreadGroup: Starting thread group... number=1 threads=100 ramp-up=120 delayedStart=false
2026-03-16 13:35:58,962 INFO o.a.j.t.JMeterThread: Thread started: Performance Test Thread Group 1-1
2026-03-16 13:35:59,017 INFO o.a.j.t.ThreadGroup: Started thread group number 1
2026-03-16 13:35:59,017 INFO o.a.j.e.StandardJMeterEngine: All thread groups have been started
2026-03-16 13:36:00,172 INFO o.a.j.t.JMeterThread: Thread started: Performance Test Thread Group 1-2
2026-03-16 13:36:01,364 INFO o.a.j.t.JMeterThread: Thread started: Performance Test Thread Group 1-3
2026-03-16 13:36:02,555 INFO o.a.j.t.JMeterThread: Thread started: Performance Test Thread Group 1-4
2026-03-16 13:36:03,764 INFO o.a.j.t.JMeterThread: Thread started: Performance Test Thread Group 1-5
2026-03-16 13:36:04,958 INFO o.a.j.t.JMeterThread: Thread started: Performance Test Thread Group 1-6
2026-03-16 13:36:06,161 INFO o.a.j.t.JMeterThread: Thread started: Performance Test Thread Group 1-7
2026-03-16 13:36:07,361 INFO o.a.j.t.JMeterThread: Thread started: Performance Test Thread Group 1-8
2026-03-16 13:36:08,561 INFO o.a.j.t.JMeterThread: Thread started: Performance Test Thread Group 1-9
2026-03-16 13:36:09,684 INFO o.a.j.p.h.s.HTTPHCAbstractImpl: Local host = Jolly-Gift
2026-03-16 13:36:09,697 INFO o.a.j.p.h.s.HTTPHC4Impl: HTTP request retry count = 0
2026-03-16 13:36:09,701 INFO o.a.j.s.SampleResult: Note: Sample TimeStamps are START times
2026-03-16 13:36:09,701 INFO o.a.j.s.SampleResult: sampleresult.default.encoding is set to UTF-8
2026-03-16 13:36:09,701 INFO o.a.j.s.SampleResult: sampleresult.useNanoTime=true
2026-03-16 13:36:09,701 INFO o.a.j.s.SampleResult: sampleresult.nanoThreadSleep=5000
2026-03-16 13:36:09,778 INFO o.a.j.t.JMeterThread: Thread started: Performance Test Thread Group 1-10
2026-03-16 13:36:10,973 INFO o.a.j.t.JMeterThread: Thread started: Performance Test Thread Group 1-11
2026-03-16 13:36:12,159 INFO o.a.j.t.JMeterThread: Thread started: Performance Test Thread Group 1-12
2026-03-16 13:36:13,361 INFO o.a.j.t.JMeterThread: Thread started: Performance Test Thread Group 1-13
2026-03-16 13:36:14,579 INFO o.a.j.t.JMeterThread: Thread started: Performance Test Thread Group 1-14
2026-03-16 13:36:15,795 INFO o.a.j.t.JMeterThread: Thread started: Performance Test Thread Group 1-15
2026-03-16 13:36:16,960 INFO o.a.j.t.JMeterThread: Thread started: Performance Test Thread Group 1-16
2026-03-16 13:36:18,169 INFO o.a.j.t.JMeterThread: Thread started: Performance Test Thread Group 1-17
2026-03-16 13:36:19,376 INFO o.a.j.t.JMeterThread: Thread started: Performance Test Thread Group 1-18
2026-03-16 13:36:20,598 INFO o.a.j.t.JMeterThread: Thread started: Performance Test Thread Group 1-19
2026-03-16 13:36:21,780 INFO o.a.j.t.JMeterThread: Thread started: Performance Test Thread Group 1-20
2026-03-16 13:36:22,982 INFO o.a.j.t.JMeterThread: Thread started: Performance Test Thread Group 1-21
2026-03-16 13:36:24,174 INFO o.a.j.t.JMeterThread: Thread started: Performance Test Thread Group 1-22
2026-03-16 13:36:25,374 INFO o.a.j.t.JMeterThread: Thread started: Performance Test Thread Group 1-23
2026-03-16 13:36:26,584 INFO o.a.j.t.JMeterThread: Thread started: Performance Test Thread Group 1-24
2026-03-16 13:36:27,785 INFO o.a.j.t.JMeterThread: Thread started: Performance Test Thread Group 1-25
2026-03-16 13:36:28,972 INFO o.a.j.t.JMeterThread: Thread started: Performance Test Thread Group 1-26
2026-03-16 13:36:30,174 INFO o.a.j.t.JMeterThread: Thread started: Performance Test Thread Group 1-27
2026-03-16 13:36:30,635 INFO o.a.j.r.Summariser: summary +     32 in 00:00:32 =    1.0/s Avg:     2 Min:     0 Max:    52 Err:    32 (100.00%) Active: 27 Started: 27 Finished: 0
2026-03-16 13:36:31,382 INFO o.a.j.t.JMeterThread: Thread started: Performance Test Thread Group 1-28
2026-03-16 13:36:32,583 INFO o.a.j.t.JMeterThread: Thread started: Performance Test Thread Group 1-29
2026-03-16 13:36:33,773 INFO o.a.j.t.JMeterThread: Thread started: Performance Test Thread Group 1-30
2026-03-16 13:36:34,976 INFO o.a.j.t.JMeterThread: Thread started: Performance Test Thread Group 1-31
2026-03-16 13:36:36,180 INFO o.a.j.t.JMeterThread: Thread started: Performance Test Thread Group 1-32
2026-03-16 13:36:37,381 INFO o.a.j.t.JMeterThread: Thread started: Performance Test Thread Group 1-33
2026-03-16 13:36:38,577 INFO o.a.j.t.JMeterThread: Thread started: Performance Test Thread Group 1-34
2026-03-16 13:36:39,793 INFO o.a.j.t.JMeterThread: Thread started: Performance Test Thread Group 1-35
2026-03-16 13:36:40,979 INFO o.a.j.t.JMeterThread: Thread started: Performance Test Thread Group 1-36
2026-03-16 13:36:42,180 INFO o.a.j.t.JMeterThread: Thread started: Performance Test Thread Group 1-37
2026-03-16 13:36:43,395 INFO o.a.j.t.JMeterThread: Thread started: Performance Test Thread Group 1-38
2026-03-16 13:36:44,580 INFO o.a.j.t.JMeterThread: Thread started: Performance Test Thread Group 1-39
2026-03-16 13:36:45,778 INFO o.a.j.t.JMeterThread: Thread started: Performance Test Thread Group 1-40
2026-03-16 13:36:46,959 INFO o.a.j.t.JMeterThread: Thread started: Performance Test Thread Group 1-41
2026-03-16 13:36:48,180 INFO o.a.j.t.JMeterThread: Thread started: Performance Test Thread Group 1-42
2026-03-16 13:36:49,394 INFO o.a.j.t.JMeterThread: Thread started: Performance Test Thread Group 1-43
2026-03-16 13:36:50,577 INFO o.a.j.t.JMeterThread: Thread started: Performance Test Thread Group 1-44
2026-03-16 13:36:51,342 INFO o.a.j.p.h.s.h.LazyLayeredConnectionSocketFactory: Setting up HTTPS TrustAll Socket Factory
2026-03-16 13:36:51,361 INFO o.a.j.u.JsseSSLManager: Using default SSL protocol: TLS
2026-03-16 13:36:51,363 INFO o.a.j.u.JsseSSLManager: SSL session context: per-thread
2026-03-16 13:36:51,602 INFO o.a.j.u.SSLManager: JmeterKeyStore Location:  type JKS
2026-03-16 13:36:51,610 INFO o.a.j.u.SSLManager: KeyStore created OK
2026-03-16 13:36:51,610 WARN o.a.j.u.SSLManager: Keystore file not found, loading empty keystore
2026-03-16 13:36:51,776 INFO o.a.j.t.JMeterThread: Thread started: Performance Test Thread Group 1-45
2026-03-16 13:36:52,979 INFO o.a.j.t.JMeterThread: Thread started: Performance Test Thread Group 1-46
2026-03-16 13:36:54,178 INFO o.a.j.t.JMeterThread: Thread started: Performance Test Thread Group 1-47
2026-03-16 13:36:55,373 INFO o.a.j.t.JMeterThread: Thread started: Performance Test Thread Group 1-48
2026-03-16 13:36:56,577 INFO o.a.j.t.JMeterThread: Thread started: Performance Test Thread Group 1-49
2026-03-16 13:36:57,777 INFO o.a.j.t.JMeterThread: Thread started: Performance Test Thread Group 1-50
2026-03-16 13:36:58,976 INFO o.a.j.t.JMeterThread: Thread started: Performance Test Thread Group 1-51
2026-03-16 13:37:00,174 INFO o.a.j.t.JMeterThread: Thread started: Performance Test Thread Group 1-52
2026-03-16 13:37:00,407 INFO o.a.j.r.Summariser: summary +    105 in 00:00:30 =    3.5/s Avg:   349 Min:     0 Max:  2529 Err:    68 (64.76%) Active: 52 Started: 52 Finished: 0
2026-03-16 13:37:00,408 INFO o.a.j.r.Summariser: summary =    137 in 00:01:01 =    2.2/s Avg:   268 Min:     0 Max:  2529 Err:   100 (72.99%)
2026-03-16 13:37:01,374 INFO o.a.j.t.JMeterThread: Thread started: Performance Test Thread Group 1-53
2026-03-16 13:37:02,578 INFO o.a.j.t.JMeterThread: Thread started: Performance Test Thread Group 1-54
2026-03-16 13:37:03,779 INFO o.a.j.t.JMeterThread: Thread started: Performance Test Thread Group 1-55
2026-03-16 13:37:04,974 INFO o.a.j.t.JMeterThread: Thread started: Performance Test Thread Group 1-56
2026-03-16 13:37:06,175 INFO o.a.j.t.JMeterThread: Thread started: Performance Test Thread Group 1-57
2026-03-16 13:37:07,386 INFO o.a.j.t.JMeterThread: Thread started: Performance Test Thread Group 1-58
2026-03-16 13:37:08,584 INFO o.a.j.t.JMeterThread: Thread started: Performance Test Thread Group 1-59
2026-03-16 13:37:09,754 INFO o.a.j.t.JMeterThread: Thread started: Performance Test Thread Group 1-60
2026-03-16 13:37:10,975 INFO o.a.j.t.JMeterThread: Thread started: Performance Test Thread Group 1-61
2026-03-16 13:37:12,184 INFO o.a.j.t.JMeterThread: Thread started: Performance Test Thread Group 1-62
2026-03-16 13:37:13,384 INFO o.a.j.t.JMeterThread: Thread started: Performance Test Thread Group 1-63
2026-03-16 13:37:14,572 INFO o.a.j.t.JMeterThread: Thread started: Performance Test Thread Group 1-64
2026-03-16 13:37:15,774 INFO o.a.j.t.JMeterThread: Thread started: Performance Test Thread Group 1-65
2026-03-16 13:37:16,984 INFO o.a.j.t.JMeterThread: Thread started: Performance Test Thread Group 1-66
2026-03-16 13:37:18,182 INFO o.a.j.t.JMeterThread: Thread started: Performance Test Thread Group 1-67
2026-03-16 13:37:19,372 INFO o.a.j.t.JMeterThread: Thread started: Performance Test Thread Group 1-68
2026-03-16 13:37:20,573 INFO o.a.j.t.JMeterThread: Thread started: Performance Test Thread Group 1-69
2026-03-16 13:37:21,781 INFO o.a.j.t.JMeterThread: Thread started: Performance Test Thread Group 1-70
2026-03-16 13:37:22,981 INFO o.a.j.t.JMeterThread: Thread started: Performance Test Thread Group 1-71
2026-03-16 13:37:24,172 INFO o.a.j.t.JMeterThread: Thread started: Performance Test Thread Group 1-72
2026-03-16 13:37:25,375 INFO o.a.j.t.JMeterThread: Thread started: Performance Test Thread Group 1-73
2026-03-16 13:37:26,579 INFO o.a.j.t.JMeterThread: Thread started: Performance Test Thread Group 1-74
2026-03-16 13:37:27,780 INFO o.a.j.t.JMeterThread: Thread started: Performance Test Thread Group 1-75
2026-03-16 13:37:28,970 INFO o.a.j.t.JMeterThread: Thread started: Performance Test Thread Group 1-76
2026-03-16 13:37:30,041 INFO o.a.j.r.Summariser: summary +    175 in 00:00:30 =    5.9/s Avg:   474 Min:   191 Max:  2103 Err:     0 (0.00%) Active: 76 Started: 76 Finished: 0
2026-03-16 13:37:30,043 INFO o.a.j.r.Summariser: summary =    312 in 00:01:31 =    3.4/s Avg:   384 Min:     0 Max:  2529 Err:   100 (32.05%)
2026-03-16 13:37:30,171 INFO o.a.j.t.JMeterThread: Thread started: Performance Test Thread Group 1-77
2026-03-16 13:37:31,380 INFO o.a.j.t.JMeterThread: Thread started: Performance Test Thread Group 1-78
2026-03-16 13:37:32,580 INFO o.a.j.t.JMeterThread: Thread started: Performance Test Thread Group 1-79
2026-03-16 13:37:33,771 INFO o.a.j.t.JMeterThread: Thread started: Performance Test Thread Group 1-80
2026-03-16 13:37:34,971 INFO o.a.j.t.JMeterThread: Thread started: Performance Test Thread Group 1-81
2026-03-16 13:37:36,177 INFO o.a.j.t.JMeterThread: Thread started: Performance Test Thread Group 1-82
2026-03-16 13:37:37,377 INFO o.a.j.t.JMeterThread: Thread started: Performance Test Thread Group 1-83
2026-03-16 13:37:38,566 INFO o.a.j.t.JMeterThread: Thread started: Performance Test Thread Group 1-84
2026-03-16 13:37:39,752 INFO o.a.j.t.JMeterThread: Thread started: Performance Test Thread Group 1-85
2026-03-16 13:37:40,977 INFO o.a.j.t.JMeterThread: Thread started: Performance Test Thread Group 1-86
2026-03-16 13:37:42,177 INFO o.a.j.t.JMeterThread: Thread started: Performance Test Thread Group 1-87
2026-03-16 13:37:43,368 INFO o.a.j.t.JMeterThread: Thread started: Performance Test Thread Group 1-88
2026-03-16 13:37:44,567 INFO o.a.j.t.JMeterThread: Thread started: Performance Test Thread Group 1-89
2026-03-16 13:37:45,776 INFO o.a.j.t.JMeterThread: Thread started: Performance Test Thread Group 1-90
2026-03-16 13:37:46,976 INFO o.a.j.t.JMeterThread: Thread started: Performance Test Thread Group 1-91
2026-03-16 13:37:48,153 INFO o.a.j.t.JMeterThread: Thread started: Performance Test Thread Group 1-92
2026-03-16 13:37:49,367 INFO o.a.j.t.JMeterThread: Thread started: Performance Test Thread Group 1-93
2026-03-16 13:37:50,574 INFO o.a.j.t.JMeterThread: Thread started: Performance Test Thread Group 1-94
2026-03-16 13:37:51,774 INFO o.a.j.t.JMeterThread: Thread started: Performance Test Thread Group 1-95
2026-03-16 13:37:52,972 INFO o.a.j.t.JMeterThread: Thread started: Performance Test Thread Group 1-96
2026-03-16 13:37:54,172 INFO o.a.j.t.JMeterThread: Thread started: Performance Test Thread Group 1-97
2026-03-16 13:37:55,375 INFO o.a.j.t.JMeterThread: Thread started: Performance Test Thread Group 1-98
2026-03-16 13:37:56,570 INFO o.a.j.t.JMeterThread: Thread started: Performance Test Thread Group 1-99
2026-03-16 13:37:57,770 INFO o.a.j.t.JMeterThread: Thread started: Performance Test Thread Group 1-100
2026-03-16 13:38:00,345 INFO o.a.j.r.Summariser: summary +    256 in 00:00:30 =    8.4/s Avg:   417 Min:   188 Max:  1663 Err:     0 (0.00%) Active: 100 Started: 100 Finished: 0
2026-03-16 13:38:00,346 INFO o.a.j.r.Summariser: summary =    568 in 00:02:01 =    4.7/s Avg:   399 Min:     0 Max:  2529 Err:   100 (17.61%)
2026-03-16 13:38:30,237 INFO o.a.j.r.Summariser: summary +    133 in 00:00:30 =    4.4/s Avg:   902 Min:   186 Max: 10099 Err:     7 (5.26%) Active: 100 Started: 100 Finished: 0
2026-03-16 13:38:30,238 INFO o.a.j.r.Summariser: summary =    701 in 00:02:31 =    4.6/s Avg:   494 Min:     0 Max: 10099 Err:   107 (15.26%)
2026-03-16 13:39:00,001 INFO o.a.j.r.Summariser: summary +    163 in 00:00:30 =    5.5/s Avg: 16564 Min: 10056 Max: 30201 Err:   163 (100.00%) Active: 100 Started: 100 Finished: 0
2026-03-16 13:39:00,002 INFO o.a.j.r.Summariser: summary =    864 in 00:03:01 =    4.8/s Avg:  3526 Min:     0 Max: 30201 Err:   270 (31.25%)
2026-03-16 13:39:30,131 INFO o.a.j.r.Summariser: summary +    138 in 00:00:30 =    4.6/s Avg: 10135 Min: 10061 Max: 11221 Err:   138 (100.00%) Active: 100 Started: 100 Finished: 0
2026-03-16 13:39:30,133 INFO o.a.j.r.Summariser: summary =   1002 in 00:03:31 =    4.7/s Avg:  4436 Min:     0 Max: 30201 Err:   408 (40.72%)
2026-03-16 13:40:00,054 INFO o.a.j.r.Summariser: summary +    161 in 00:00:30 =    5.4/s Avg: 10262 Min: 10001 Max: 13213 Err:   161 (100.00%) Active: 100 Started: 100 Finished: 0
2026-03-16 13:40:00,055 INFO o.a.j.r.Summariser: summary =   1163 in 00:04:01 =    4.8/s Avg:  5243 Min:     0 Max: 30201 Err:   569 (48.93%)
2026-03-16 13:40:30,082 INFO o.a.j.r.Summariser: summary +    138 in 00:00:30 =    4.6/s Avg: 11107 Min: 10001 Max: 17134 Err:   138 (100.00%) Active: 100 Started: 100 Finished: 0
2026-03-16 13:40:30,083 INFO o.a.j.r.Summariser: summary =   1301 in 00:04:31 =    4.8/s Avg:  5865 Min:     0 Max: 30201 Err:   707 (54.34%)
2026-03-16 13:41:00,351 INFO o.a.j.r.Summariser: summary +    152 in 00:00:30 =    5.0/s Avg: 10863 Min: 10001 Max: 17130 Err:   152 (100.00%) Active: 100 Started: 100 Finished: 0
2026-03-16 13:41:00,353 INFO o.a.j.r.Summariser: summary =   1453 in 00:05:01 =    4.8/s Avg:  6388 Min:     0 Max: 30201 Err:   859 (59.12%)
2026-03-16 13:41:30,122 INFO o.a.j.r.Summariser: summary +    243 in 00:00:30 =    8.2/s Avg:  5077 Min:     1 Max: 17405 Err:   243 (100.00%) Active: 100 Started: 100 Finished: 0
2026-03-16 13:41:30,123 INFO o.a.j.r.Summariser: summary =   1696 in 00:05:31 =    5.1/s Avg:  6200 Min:     0 Max: 30201 Err:  1102 (64.98%)
2026-03-16 13:42:00,087 INFO o.a.j.r.Summariser: summary +    313 in 00:00:30 =   10.4/s Avg:    37 Min:    13 Max:   808 Err:     0 (0.00%) Active: 100 Started: 100 Finished: 0
2026-03-16 13:42:00,088 INFO o.a.j.r.Summariser: summary =   2009 in 00:06:01 =    5.6/s Avg:  5240 Min:     0 Max: 30201 Err:  1102 (54.85%)
2026-03-16 13:42:30,131 INFO o.a.j.r.Summariser: summary +    304 in 00:00:30 =   10.1/s Avg:    22 Min:    13 Max:    56 Err:     0 (0.00%) Active: 100 Started: 100 Finished: 0
2026-03-16 13:42:30,133 INFO o.a.j.r.Summariser: summary =   2313 in 00:06:31 =    5.9/s Avg:  4554 Min:     0 Max: 30201 Err:  1102 (47.64%)
2026-03-16 13:43:00,056 INFO o.a.j.r.Summariser: summary +    313 in 00:00:30 =   10.5/s Avg:    22 Min:    14 Max:    52 Err:     0 (0.00%) Active: 100 Started: 100 Finished: 0
2026-03-16 13:43:00,057 INFO o.a.j.r.Summariser: summary =   2626 in 00:07:01 =    6.2/s Avg:  4014 Min:     0 Max: 30201 Err:  1102 (41.96%)
2026-03-16 13:43:30,171 INFO o.a.j.r.Summariser: summary +    305 in 00:00:30 =   10.1/s Avg:    25 Min:    14 Max:   229 Err:     0 (0.00%) Active: 100 Started: 100 Finished: 0
2026-03-16 13:43:30,172 INFO o.a.j.r.Summariser: summary =   2931 in 00:07:31 =    6.5/s Avg:  3599 Min:     0 Max: 30201 Err:  1102 (37.60%)
2026-03-16 13:45:00,074 INFO o.a.j.r.Summariser: summary +    204 in 00:01:30 =    2.3/s Avg:   702 Min:     0 Max: 70182 Err:   107 (52.45%) Active: 100 Started: 100 Finished: 0
2026-03-16 13:45:00,075 INFO o.a.j.r.Summariser: summary =   3135 in 00:09:01 =    5.8/s Avg:  3410 Min:     0 Max: 70182 Err:  1209 (38.56%)
2026-03-16 13:45:30,175 INFO o.a.j.r.Summariser: summary +    299 in 00:00:30 =    9.9/s Avg:   459 Min:    16 Max:  2160 Err:     0 (0.00%) Active: 100 Started: 100 Finished: 0
2026-03-16 13:45:30,176 INFO o.a.j.r.Summariser: summary =   3434 in 00:09:31 =    6.0/s Avg:  3153 Min:     0 Max: 70182 Err:  1209 (35.21%)
2026-03-16 13:46:00,216 INFO o.a.j.r.Summariser: summary +    307 in 00:00:30 =   10.2/s Avg:   323 Min:   248 Max:   562 Err:     0 (0.00%) Active: 100 Started: 100 Finished: 0
2026-03-16 13:46:00,217 INFO o.a.j.r.Summariser: summary =   3741 in 00:10:01 =    6.2/s Avg:  2921 Min:     0 Max: 70182 Err:  1209 (32.32%)
2026-03-16 13:46:30,074 INFO o.a.j.r.Summariser: summary +    302 in 00:00:30 =   10.1/s Avg:   454 Min:   247 Max:  1573 Err:     0 (0.00%) Active: 100 Started: 100 Finished: 0
2026-03-16 13:46:30,075 INFO o.a.j.r.Summariser: summary =   4043 in 00:10:31 =    6.4/s Avg:  2737 Min:     0 Max: 70182 Err:  1209 (29.90%)
2026-03-16 13:47:00,143 INFO o.a.j.r.Summariser: summary +    304 in 00:00:30 =   10.1/s Avg:   326 Min:   247 Max:   762 Err:     0 (0.00%) Active: 100 Started: 100 Finished: 0
2026-03-16 13:47:00,144 INFO o.a.j.r.Summariser: summary =   4347 in 00:11:01 =    6.6/s Avg:  2568 Min:     0 Max: 70182 Err:  1209 (27.81%)
2026-03-16 13:47:30,111 INFO o.a.j.r.Summariser: summary +    293 in 00:00:30 =    9.8/s Avg:   508 Min:   249 Max:  1753 Err:     0 (0.00%) Active: 100 Started: 100 Finished: 0
2026-03-16 13:47:30,112 INFO o.a.j.r.Summariser: summary =   4640 in 00:11:31 =    6.7/s Avg:  2438 Min:     0 Max: 70182 Err:  1209 (26.06%)
2026-03-16 13:48:00,004 INFO o.a.j.r.Summariser: summary +    301 in 00:00:30 =   10.1/s Avg:   318 Min:   242 Max:   679 Err:     0 (0.00%) Active: 100 Started: 100 Finished: 0
2026-03-16 13:48:00,005 INFO o.a.j.r.Summariser: summary =   4941 in 00:12:01 =    6.9/s Avg:  2309 Min:     0 Max: 70182 Err:  1209 (24.47%)
2026-03-16 13:48:30,455 INFO o.a.j.r.Summariser: summary +    298 in 00:00:30 =    9.8/s Avg:   434 Min:   251 Max:  1446 Err:     0 (0.00%) Active: 100 Started: 100 Finished: 0
2026-03-16 13:48:30,455 INFO o.a.j.r.Summariser: summary =   5239 in 00:12:32 =    7.0/s Avg:  2202 Min:     0 Max: 70182 Err:  1209 (23.08%)
2026-03-16 13:49:00,028 INFO o.a.j.r.Summariser: summary +    299 in 00:00:30 =   10.1/s Avg:   359 Min:   246 Max:  1113 Err:     0 (0.00%) Active: 100 Started: 100 Finished: 0
2026-03-16 13:49:00,030 INFO o.a.j.r.Summariser: summary =   5538 in 00:13:01 =    7.1/s Avg:  2103 Min:     0 Max: 70182 Err:  1209 (21.83%)
2026-03-16 13:49:30,199 INFO o.a.j.r.Summariser: summary +    303 in 00:00:30 =   10.0/s Avg:   415 Min:   248 Max:  1712 Err:     0 (0.00%) Active: 100 Started: 100 Finished: 0
2026-03-16 13:49:30,200 INFO o.a.j.r.Summariser: summary =   5841 in 00:13:31 =    7.2/s Avg:  2015 Min:     0 Max: 70182 Err:  1209 (20.70%)
2026-03-16 13:50:00,106 INFO o.a.j.r.Summariser: summary +    300 in 00:00:30 =   10.0/s Avg:   394 Min:   248 Max:  1259 Err:     0 (0.00%) Active: 100 Started: 100 Finished: 0
2026-03-16 13:50:00,107 INFO o.a.j.r.Summariser: summary =   6141 in 00:14:01 =    7.3/s Avg:  1936 Min:     0 Max: 70182 Err:  1209 (19.69%)
2026-03-16 13:50:30,004 INFO o.a.j.r.Summariser: summary +    296 in 00:00:30 =    9.9/s Avg:   369 Min:   246 Max:   862 Err:     0 (0.00%) Active: 100 Started: 100 Finished: 0
2026-03-16 13:50:30,006 INFO o.a.j.r.Summariser: summary =   6437 in 00:14:31 =    7.4/s Avg:  1864 Min:     0 Max: 70182 Err:  1209 (18.78%)
2026-03-16 13:51:00,022 INFO o.a.j.r.Summariser: summary +    299 in 00:00:30 =   10.0/s Avg:   394 Min:   245 Max:  1547 Err:     0 (0.00%) Active: 100 Started: 100 Finished: 0
2026-03-16 13:51:00,025 INFO o.a.j.r.Summariser: summary =   6736 in 00:15:01 =    7.5/s Avg:  1799 Min:     0 Max: 70182 Err:  1209 (17.95%)
2026-03-16 13:51:30,011 INFO o.a.j.r.Summariser: summary +    300 in 00:00:30 =   10.0/s Avg:   345 Min:   249 Max:  1209 Err:     0 (0.00%) Active: 100 Started: 100 Finished: 0
2026-03-16 13:51:30,012 INFO o.a.j.r.Summariser: summary =   7036 in 00:15:31 =    7.6/s Avg:  1737 Min:     0 Max: 70182 Err:  1209 (17.18%)
